[2020-07-26 00:44:19] local.ERROR: Undefined variable: [{"id":1,"nombreResolutor":"Resolutor Lider1","rutEmpresa":"91806000-6","idTeam":1,"lider":1,"idUser":39,"email":"primerResolutor@example.cl","estado":1,"created_at":"2020-05-08 16:57:17","updated_at":"2020-05-08 16:57:17"},{"id":2,"nombreResolutor":"Resolutor Segundo","rutEmpresa":"91806000-6","idTeam":1,"lider":0,"idUser":40,"email":"resolutor2@example.cl","estado":1,"created_at":"2020-05-08 16:57:52","updated_at":"2020-05-08 16:57:52"},{"id":3,"nombreResolutor":"Resolutor Lider2","rutEmpresa":"91806000-6","idTeam":2,"lider":1,"idUser":41,"email":"lider2Resolutor@example.cl","estado":0,"created_at":"2020-05-08 16:58:38","updated_at":"2020-05-08 16:58:38"}] {"exception":"[object] (ErrorException(code: 0): Undefined variable: [{\"id\":1,\"nombreResolutor\":\"Resolutor Lider1\",\"rutEmpresa\":\"91806000-6\",\"idTeam\":1,\"lider\":1,\"idUser\":39,\"email\":\"primerResolutor@example.cl\",\"estado\":1,\"created_at\":\"2020-05-08 16:57:17\",\"updated_at\":\"2020-05-08 16:57:17\"},{\"id\":2,\"nombreResolutor\":\"Resolutor Segundo\",\"rutEmpresa\":\"91806000-6\",\"idTeam\":1,\"lider\":0,\"idUser\":40,\"email\":\"resolutor2@example.cl\",\"estado\":1,\"created_at\":\"2020-05-08 16:57:52\",\"updated_at\":\"2020-05-08 16:57:52\"},{\"id\":3,\"nombreResolutor\":\"Resolutor Lider2\",\"rutEmpresa\":\"91806000-6\",\"idTeam\":2,\"lider\":1,\"idUser\":41,\"email\":\"lider2Resolutor@example.cl\",\"estado\":0,\"created_at\":\"2020-05-08 16:58:38\",\"updated_at\":\"2020-05-08 16:58:38\"}] at C:\\xampp\\htdocs\\Mantenedor\\app\\Console\\Commands\\EmailRequerimientos.php:64)
[stacktrace]
#0 C:\\xampp\\htdocs\\Mantenedor\\app\\Console\\Commands\\EmailRequerimientos.php(64): Illuminate\\Foundation\\Bootstrap\\HandleExceptions->handleError(8, 'Undefined varia...', 'C:\\\\xampp\\\\htdocs...', 64, Array)
#1 [internal function]: App\\Console\\Commands\\EmailRequerimientos->handle()
#2 C:\\xampp\\htdocs\\Mantenedor\\vendor\\laravel\\framework\\src\\Illuminate\\Container\\BoundMethod.php(32): call_user_func_array(Array, Array)
#3 C:\\xampp\\htdocs\\Mantenedor\\vendor\\laravel\\framework\\src\\Illuminate\\Container\\BoundMethod.php(90): Illuminate\\Container\\BoundMethod::Illuminate\\Container\\{closure}()
#4 C:\\xampp\\htdocs\\Mantenedor\\vendor\\laravel\\framework\\src\\Illuminate\\Container\\BoundMethod.php(34): Illuminate\\Container\\BoundMethod::callBoundMethod(Object(Illuminate\\Foundation\\Application), Array, Object(Closure))
#5 C:\\xampp\\htdocs\\Mantenedor\\vendor\\laravel\\framework\\src\\Illuminate\\Container\\Container.php(576): Illuminate\\Container\\BoundMethod::call(Object(Illuminate\\Foundation\\Application), Array, Array, NULL)
#6 C:\\xampp\\htdocs\\Mantenedor\\vendor\\laravel\\framework\\src\\Illuminate\\Console\\Command.php(183): Illuminate\\Container\\Container->call(Array)
#7 C:\\xampp\\htdocs\\Mantenedor\\vendor\\symfony\\console\\Command\\Command.php(255): Illuminate\\Console\\Command->execute(Object(Symfony\\Component\\Console\\Input\\ArgvInput), Object(Illuminate\\Console\\OutputStyle))
#8 C:\\xampp\\htdocs\\Mantenedor\\vendor\\laravel\\framework\\src\\Illuminate\\Console\\Command.php(170): Symfony\\Component\\Console\\Command\\Command->run(Object(Symfony\\Component\\Console\\Input\\ArgvInput), Object(Illuminate\\Console\\OutputStyle))
#9 C:\\xampp\\htdocs\\Mantenedor\\vendor\\symfony\\console\\Application.php(921): Illuminate\\Console\\Command->run(Object(Symfony\\Component\\Console\\Input\\ArgvInput), Object(Symfony\\Component\\Console\\Output\\ConsoleOutput))
#10 C:\\xampp\\htdocs\\Mantenedor\\vendor\\symfony\\console\\Application.php(273): Symfony\\Component\\Console\\Application->doRunCommand(Object(App\\Console\\Commands\\EmailRequerimientos), Object(Symfony\\Component\\Console\\Input\\ArgvInput), Object(Symfony\\Component\\Console\\Output\\ConsoleOutput))
#11 C:\\xampp\\htdocs\\Mantenedor\\vendor\\symfony\\console\\Application.php(149): Symfony\\Component\\Console\\Application->doRun(Object(Symfony\\Component\\Console\\Input\\ArgvInput), Object(Symfony\\Component\\Console\\Output\\ConsoleOutput))
#12 C:\\xampp\\htdocs\\Mantenedor\\vendor\\laravel\\framework\\src\\Illuminate\\Console\\Application.php(90): Symfony\\Component\\Console\\Application->run(Object(Symfony\\Component\\Console\\Input\\ArgvInput), Object(Symfony\\Component\\Console\\Output\\ConsoleOutput))
#13 C:\\xampp\\htdocs\\Mantenedor\\vendor\\laravel\\framework\\src\\Illuminate\\Foundation\\Console\\Kernel.php(133): Illuminate\\Console\\Application->run(Object(Symfony\\Component\\Console\\Input\\ArgvInput), Object(Symfony\\Component\\Console\\Output\\ConsoleOutput))
#14 C:\\xampp\\htdocs\\Mantenedor\\artisan(37): Illuminate\\Foundation\\Console\\Kernel->handle(Object(Symfony\\Component\\Console\\Input\\ArgvInput), Object(Symfony\\Component\\Console\\Output\\ConsoleOutput))
#15 {main}
"} 
[2020-07-26 00:44:20] local.DEBUG: Message-ID: <98135021383b1966998a08626f75e04e@swift.generated>
Date: Sun, 26 Jul 2020 00:44:20 +0000
Subject: Reporte Requerimientos
From: Kinchika <easytask@itconsultants.cl>
To: dtapia1025@gmail.com
MIME-Version: 1.0
Content-Type: text/html; charset=utf-8
Content-Transfer-Encoding: quoted-printable

<div class="ibox">
    <div class="ibox-head">
        <div class="ibox-title">Reporte RQ</div>
	<div class="ibox-tools">
            <a class="ibox-collapse"><i class="fa fa-minus"></i></a>
	</div>        
    </div>
    <div class="ibox-body">
        <style>
            thead th, td {
                border: 1px solid black;
                text-align: center;
            }
            .head_table{
                width: 120rem;
                font-size: 2.5rem;
                text-align: center;
            }
            
            tbody th{
                border: 1px solid black;
                text-align: left;
            }
        </style>
        <table width=80%>
            <tr >
                <td class="head_table">Requerimientos al 26-07-2020</td>
            </tr>
            <table width=80%>
                <thead>
                    <tr>
                        <th width=10%>Área</th>
                        <th width=20%>Resolutor</th>
                        <th width=10%>Cantidad de RQ pendientes al 25-07-2020</th>
                        <th width=10%>Vencidos</th>
                        <th width=10%>Cantidad de RQ generado el día de hoy 26-07-2020</th>
                        <th width=10%>Cantidad de RQ cerrado el  día de hoy 26-07-2020</th>
                        <th width=10%>Cantidad de RQ Pendientes al 26-07-2020</th>
                        <th width=10%>Semáforo</th>
                    </tr>
                </thead>
                <tbody>
                                                <tr>
                                <td>Team 1</td>
                                <td>Resolutor Lider1</td>
                                <td style="text-align: center;">1</td>
                                <td style="text-align: center;">0</td>
                                <td style="text-align: center;">0</td>
                                <td style="text-align: center;">0</td>
                                <td style="text-align: center;">1</td>
                                                                <td style="background-color: green"></td>
                                                             
                            </tr>
                                                <tr>
                                <td></td>
                                <td>Resolutor Segundo</td>
                                <td style="text-align: center;">1</td>
                                <td style="text-align: center;">0</td>
                                <td style="text-align: center;">0</td>
                                <td style="text-align: center;">0</td>
                                <td style="text-align: center;">1</td>
                                                                <td style="background-color: green"></td>
                                                             
                            </tr>
                            
                </tbody>
            </table>
        </table>    
    </div>
</div>

  
